<?xml version="1.0" encoding="UTF-8"?>
<!-- Generated by org.testng.reporters.JUnitXMLReporter -->
<testsuite ignored="0" hostname="Lipikas-mac.local" failures="0" tests="2" name="Default test" time="54.498" errors="0" timestamp="2025-05-11T20:06:29 IST">
  <testcase classname="com.smoketestcases.EbayLandingPageTest" name="VerifyLandPageContents" time="0.632"/>
  <testcase classname="com.smoketestcases.EbayLandingPageTest" name="VerifyLandingPageDetails" time="16.091"/>
</testsuite> <!-- Default test -->
