<?xml version="1.0" encoding="UTF-8"?>
<!-- Generated by org.testng.reporters.JUnitXMLReporter -->
<testsuite ignored="0" hostname="Lipikas-mac.local" failures="0" tests="3" name="Test" time="59.413" errors="0" timestamp="2025-05-11T20:23:26 IST">
  <testcase classname="com.smoketestcases.EbayLandingPageTest" name="VerifyLandPageContents" time="0.541"/>
  <testcase classname="com.smoketestcases.EbayLandingPageTest" name="VerifyLandingPageDetails" time="13.193"/>
  <testcase classname="com.smoketestcases.EbaySearchPageTest" name="VerifySearchPage" time="21.181"/>
</testsuite> <!-- Test -->
