<?xml version="1.0" encoding="UTF-8"?>
<!-- Generated by org.testng.reporters.JUnitXMLReporter -->
<testsuite ignored="0" hostname="Lipikas-mac.local" failures="0" tests="3" name="Test" time="105.358" errors="0" timestamp="2025-05-12T11:13:23 IST">
  <testcase classname="com.smoketestcases.EbayLandingPageTest" name="VerifyLandPageContents" time="0.74"/>
  <testcase classname="com.smoketestcases.EbayLandingPageTest" name="VerifyLandingPageDetails" time="15.855"/>
  <testcase classname="com.smoketestcases.EbaySearchPageTest" name="VerifySearchPage" time="64.001"/>
</testsuite> <!-- Test -->
