<?xml version="1.0" encoding="UTF-8"?>
<!-- Generated by org.testng.reporters.JUnitXMLReporter -->
<testsuite ignored="0" hostname="Lipikas-mac.local" failures="0" tests="3" name="Test" time="46.822" errors="0" timestamp="2025-05-11T20:32:33 IST">
  <testcase classname="com.smoketestcases.EbayLandingPageTest" name="VerifyLandPageContents" time="4.165"/>
  <testcase classname="com.smoketestcases.EbayLandingPageTest" name="VerifyLandingPageDetails" time="15.063"/>
  <testcase classname="com.smoketestcases.EbaySearchPageTest" name="VerifySearchPage" time="1.353"/>
</testsuite> <!-- Test -->
