<?xml version="1.0" encoding="UTF-8"?>
<testsuite xmlns:xsi="http://www.w3.org/2001/XMLSchema-instance" xsi:noNamespaceSchemaLocation="https://maven.apache.org/surefire/maven-surefire-plugin/xsd/surefire-test-report.xsd" version="3.0.2" name="TestSuite" time="105.508" tests="3" errors="0" skipped="0" failures="0">
  <properties>
[...]
</properties>
  <testcase name="VerifyLandPageContents" classname="com.smoketestcases.EbayLandingPageTest" time="0.741">
    <system-out><![CDATA[Verifying Landing Page Contents Test case
trueIf the Search icon is displayed
]]></system-out>
    <system-err><![CDATA[SLF4J(W): No SLF4J providers were found.
SLF4J(W): Defaulting to no-operation (NOP) logger implementation
SLF4J(W): See https://www.slf4j.org/codes.html#noProviders for further details.
]]></system-err>
  </testcase>
  <testcase name="VerifyLandingPageDetails" classname="com.smoketestcases.EbayLandingPageTest" time="15.855">
    <system-out><![CDATA[Verifying Landing Page Details Test case
https://www.ebay.com/
Electronics, Cars, Fashion, Collectibles & More | eBay
]]></system-out>
  </testcase>
  <testcase name="VerifySearchPage" classname="com.smoketestcases.EbaySearchPageTest" time="64.001">
    <system-out><![CDATA[https://www.ebay.com/sch/i.html?_nkw=Shirts&_sacat=0&_from=R40&_trksid=m570.l1313
Shirts for sale | eBay
]]></system-out>
  </testcase>
</testsuite>