<?xml version="1.0" encoding="UTF-8"?>
<testng-results ignored="0" total="3" passed="3" failed="0" skipped="0">
  <reporter-output>
  </reporter-output>
  <suite started-at="2025-05-11T20:31:46 IST" name="Suite" finished-at="2025-05-11T20:32:33 IST" duration-ms="46822">
    <groups>
    </groups>
    <test started-at="2025-05-11T20:31:46 IST" name="Test" finished-at="2025-05-11T20:32:33 IST" duration-ms="46822">
      <class name="com.smoketestcases.EbaySearchPageTest">
        <test-method is-config="true" signature="OpenBrowser()[pri:0, instance:com.smoketestcases.EbaySearchPageTest@5f058f00]" started-at="2025-05-11T20:32:19 IST" name="OpenBrowser" finished-at="2025-05-11T20:32:31 IST" duration-ms="12883" status="PASS">
          <reporter-output>
          </reporter-output>
        </test-method> <!-- OpenBrowser -->
        <test-method signature="VerifySearchPage()[pri:0, instance:com.smoketestcases.EbaySearchPageTest@5f058f00]" started-at="2025-05-11T20:32:31 IST" name="VerifySearchPage" finished-at="2025-05-11T20:32:33 IST" duration-ms="1353" status="PASS">
          <reporter-output>
          </reporter-output>
        </test-method> <!-- VerifySearchPage -->
        <test-method is-config="true" signature="CloseBrowser()[pri:0, instance:com.smoketestcases.EbaySearchPageTest@5f058f00]" started-at="2025-05-11T20:32:33 IST" name="CloseBrowser" finished-at="2025-05-11T20:32:33 IST" duration-ms="86" status="PASS">
          <reporter-output>
          </reporter-output>
        </test-method> <!-- CloseBrowser -->
      </class> <!-- com.smoketestcases.EbaySearchPageTest -->
      <class name="com.smoketestcases.EbayLandingPageTest">
        <test-method is-config="true" signature="OpenBrowser()[pri:0, instance:com.smoketestcases.EbayLandingPageTest@7714e963]" started-at="2025-05-11T20:31:46 IST" name="OpenBrowser" finished-at="2025-05-11T20:31:59 IST" duration-ms="13120" status="PASS">
          <reporter-output>
          </reporter-output>
        </test-method> <!-- OpenBrowser -->
        <test-method signature="VerifyLandPageContents()[pri:0, instance:com.smoketestcases.EbayLandingPageTest@7714e963]" started-at="2025-05-11T20:31:59 IST" name="VerifyLandPageContents" finished-at="2025-05-11T20:32:03 IST" duration-ms="4165" status="PASS">
          <reporter-output>
          </reporter-output>
        </test-method> <!-- VerifyLandPageContents -->
        <test-method signature="VerifyLandingPageDetails()[pri:0, instance:com.smoketestcases.EbayLandingPageTest@7714e963]" started-at="2025-05-11T20:32:03 IST" name="VerifyLandingPageDetails" finished-at="2025-05-11T20:32:18 IST" duration-ms="15063" status="PASS">
          <reporter-output>
          </reporter-output>
        </test-method> <!-- VerifyLandingPageDetails -->
        <test-method is-config="true" signature="CloseBrowser()[pri:0, instance:com.smoketestcases.EbayLandingPageTest@7714e963]" started-at="2025-05-11T20:32:18 IST" name="CloseBrowser" finished-at="2025-05-11T20:32:19 IST" duration-ms="109" status="PASS">
          <reporter-output>
          </reporter-output>
        </test-method> <!-- CloseBrowser -->
      </class> <!-- com.smoketestcases.EbayLandingPageTest -->
    </test> <!-- Test -->
  </suite> <!-- Suite -->
</testng-results>
