<?xml version="1.0" encoding="UTF-8"?>
<testng-results ignored="0" total="3" passed="3" failed="0" skipped="0">
  <reporter-output>
  </reporter-output>
  <suite started-at="2025-05-12T11:11:37 IST" name="Suite" finished-at="2025-05-12T11:13:23 IST" duration-ms="105358">
    <groups>
    </groups>
    <test started-at="2025-05-12T11:11:37 IST" name="Test" finished-at="2025-05-12T11:13:23 IST" duration-ms="105358">
      <class name="com.smoketestcases.EbaySearchPageTest">
        <test-method is-config="true" signature="OpenBrowser()[pri:0, instance:com.smoketestcases.EbaySearchPageTest@4386f16]" started-at="2025-05-12T11:12:07 IST" name="OpenBrowser" finished-at="2025-05-12T11:12:19 IST" duration-ms="11836" status="PASS">
          <reporter-output>
          </reporter-output>
        </test-method> <!-- OpenBrowser -->
        <test-method signature="VerifySearchPage()[pri:0, instance:com.smoketestcases.EbaySearchPageTest@4386f16]" started-at="2025-05-12T11:12:19 IST" name="VerifySearchPage" finished-at="2025-05-12T11:13:23 IST" duration-ms="64001" status="PASS">
          <reporter-output>
          </reporter-output>
        </test-method> <!-- VerifySearchPage -->
        <test-method is-config="true" signature="CloseBrowser()[pri:0, instance:com.smoketestcases.EbaySearchPageTest@4386f16]" started-at="2025-05-12T11:13:23 IST" name="CloseBrowser" finished-at="2025-05-12T11:13:23 IST" duration-ms="112" status="PASS">
          <reporter-output>
          </reporter-output>
        </test-method> <!-- CloseBrowser -->
      </class> <!-- com.smoketestcases.EbaySearchPageTest -->
      <class name="com.smoketestcases.EbayLandingPageTest">
        <test-method is-config="true" signature="OpenBrowser()[pri:0, instance:com.smoketestcases.EbayLandingPageTest@4b14c583]" started-at="2025-05-12T11:11:37 IST" name="OpenBrowser" finished-at="2025-05-12T11:11:50 IST" duration-ms="12697" status="PASS">
          <reporter-output>
          </reporter-output>
        </test-method> <!-- OpenBrowser -->
        <test-method signature="VerifyLandPageContents()[pri:0, instance:com.smoketestcases.EbayLandingPageTest@4b14c583]" started-at="2025-05-12T11:11:50 IST" name="VerifyLandPageContents" finished-at="2025-05-12T11:11:51 IST" duration-ms="740" status="PASS">
          <reporter-output>
          </reporter-output>
        </test-method> <!-- VerifyLandPageContents -->
        <test-method signature="VerifyLandingPageDetails()[pri:0, instance:com.smoketestcases.EbayLandingPageTest@4b14c583]" started-at="2025-05-12T11:11:51 IST" name="VerifyLandingPageDetails" finished-at="2025-05-12T11:12:07 IST" duration-ms="15855" status="PASS">
          <reporter-output>
          </reporter-output>
        </test-method> <!-- VerifyLandingPageDetails -->
        <test-method is-config="true" signature="CloseBrowser()[pri:0, instance:com.smoketestcases.EbayLandingPageTest@4b14c583]" started-at="2025-05-12T11:12:07 IST" name="CloseBrowser" finished-at="2025-05-12T11:12:07 IST" duration-ms="100" status="PASS">
          <reporter-output>
          </reporter-output>
        </test-method> <!-- CloseBrowser -->
      </class> <!-- com.smoketestcases.EbayLandingPageTest -->
    </test> <!-- Test -->
  </suite> <!-- Suite -->
</testng-results>
